{"level":"info","message":"Get all users"}
{"level":"info","message":"Get all users"}
{"level":"info","message":"Get all HelpTickets"}
{"level":"info","message":"Get all HelpTickets"}
{"level":"info","message":"Get all users"}
{"level":"info","message":"Get all users"}
{"level":"info","message":"Get all HelpTickets"}
{"level":"info","message":"Get all HelpTickets"}
{"level":"info","message":"Get all users"}
{"level":"info","message":"Creating user"}
{"level":"info","message":"Get all users"}
{"level":"info","message":"Updating user"}
{"level":"info","message":"Get all users"}
{"level":"info","message":"Updating user"}
{"level":"info","message":"Get all users"}
{"level":"info","message":"Updating user"}
{"level":"info","message":"Get all users"}
{"level":"info","message":"Get all users"}
{"level":"info","message":"Get all HelpTickets"}
{"level":"info","message":"Creating HelpTicket"}
{"level":"info","message":"Creating HelpTicket"}
{"level":"info","message":"Creating HelpTicket"}
{"level":"info","message":"Creating HelpTicket"}
{"level":"info","message":"Creating HelpTicket"}
{"level":"info","message":"Get all HelpTickets"}
{"level":"info","message":"Get all HelpTickets"}
{"level":"info","message":"Get all HelpTickets"}
{"level":"info","message":"Creating HelpTicket"}
{"level":"info","message":"Creating HelpTicket"}
{"level":"info","message":"Get all HelpTickets"}
{"level":"info","message":"Get all HelpTickets"}
{"level":"info","message":"Creating HelpTicket"}
{"level":"info","message":"Get all HelpTickets"}
{"level":"info","message":"Get all HelpTickets"}
{"level":"info","message":"Get all HelpTickets"}
{"level":"info","message":"Get all HelpTickets"}
{"level":"info","message":"Get all HelpTickets"}
{"level":"info","message":"Get all HelpTickets"}
{"level":"info","message":"Get all HelpTickets"}
{"level":"info","message":"Get all HelpTickets"}
{"level":"info","message":"Get all HelpTickets"}
{"level":"info","message":"Get all HelpTickets"}
{"level":"info","message":"Get all HelpTickets"}
{"level":"info","message":"Get all HelpTickets"}
{"level":"info","message":"Get all HelpTickets"}
{"level":"info","message":"Get all HelpTickets"}
{"level":"info","message":"Get all HelpTickets"}
{"level":"info","message":"Get all HelpTickets"}
{"level":"info","message":"Get all HelpTickets"}
{"level":"info","message":"Get all HelpTickets"}
{"level":"info","message":"Get all HelpTickets"}
{"level":"info","message":"Get all HelpTickets"}
{"level":"info","message":"Get all HelpTickets"}
{"level":"info","message":"Get all HelpTickets"}
{"level":"info","message":"Get all HelpTickets"}
{"level":"info","message":"Get all HelpTickets"}
{"level":"info","message":"Get all HelpTickets"}
{"level":"info","message":"Getting a HelpTicket Content"}
{"level":"info","message":"Getting a HelpTicket Content"}
{"level":"info","message":"Get all HelpTickets"}
{"level":"info","message":"Get all HelpTickets"}
{"level":"info","message":"Get all HelpTickets"}
{"level":"info","message":"Get all HelpTickets"}
{"level":"info","message":"Get all HelpTickets"}
{"level":"info","message":"Get all HelpTickets"}
{"level":"info","message":"Get all HelpTickets"}
{"level":"info","message":"Get all HelpTickets"}
{"level":"info","message":"Get all HelpTickets"}
{"level":"info","message":"Get all HelpTickets"}
{"level":"info","message":"Get all HelpTickets"}
{"level":"info","message":"Get all HelpTickets"}
{"level":"info","message":"Get all HelpTickets"}
{"level":"info","message":"Get all HelpTickets"}
{"level":"info","message":"Get all HelpTickets"}
{"level":"info","message":"Get all HelpTickets"}
{"level":"info","message":"Get all HelpTickets"}
{"level":"info","message":"Get all HelpTickets"}
{"level":"info","message":"Get all HelpTickets"}
{"level":"info","message":"Get all HelpTickets"}
{"level":"info","message":"Getting a HelpTicket Content"}
{"level":"info","message":"Getting a HelpTicket Content"}
{"level":"error","message":" File not found"}
{"level":"error","message":" File not found"}
{"level":"info","message":"Get all HelpTickets"}
{"level":"info","message":"Get all HelpTickets"}
{"level":"info","message":"Get all HelpTickets"}
{"level":"info","message":"Getting a HelpTicket Content"}
{"level":"info","message":"Deleting helpTicket %s"}
{"level":"info","message":"Get all HelpTickets"}
{"level":"info","message":"Creating HelpTicket"}
{"level":"info","message":"Get all HelpTickets"}
{"level":"info","message":"Creating HelpTicket"}
{"level":"info","message":"Get all HelpTickets"}
{"level":"info","message":"Getting a HelpTicket Content"}
{"level":"info","message":"Get all HelpTickets"}
{"level":"info","message":"Get all HelpTickets"}
{"level":"info","message":"Get all HelpTickets"}
{"level":"info","message":"Get all HelpTickets"}
{"level":"info","message":"Get all HelpTickets"}
{"level":"info","message":"Get all HelpTickets"}
{"level":"info","message":"Get all HelpTickets"}
{"level":"info","message":"Get all HelpTickets"}
{"level":"info","message":"Get all HelpTickets"}
{"level":"info","message":"Get all HelpTickets"}
{"level":"info","message":"Creating HelpTicket"}
{"level":"info","message":"Get all HelpTickets"}
{"level":"info","message":"Getting a HelpTicket Content"}
{"level":"info","message":"Deleting helpTicket %s"}
{"level":"info","message":"Get all HelpTickets"}
{"level":"info","message":"Getting a HelpTicket Content"}
{"level":"info","message":"Deleting helpTicket %s"}
{"level":"info","message":"Get all HelpTickets"}
{"level":"info","message":"Getting a HelpTicket Content"}
{"level":"info","message":"Getting a HelpTicket Content"}
{"level":"info","message":"Getting a HelpTicket Content"}
{"level":"info","message":"Getting a HelpTicket Content"}
{"level":"info","message":"Deleting helpTicket %s"}
{"level":"info","message":"Get all HelpTickets"}
{"level":"info","message":"Getting a HelpTicket Content"}
{"level":"info","message":"Deleting helpTicket %s"}
{"level":"info","message":"Get all HelpTickets"}
{"level":"info","message":"Getting a HelpTicket Content"}
{"level":"info","message":"Getting a HelpTicket Content"}
{"level":"info","message":"Getting a HelpTicket Content"}
{"level":"info","message":"Get all HelpTickets"}
{"level":"info","message":"Get all HelpTickets"}
{"level":"info","message":"Creating HelpTicket"}
{"level":"info","message":"Get all HelpTickets"}
{"level":"info","message":"Getting a HelpTicket Content"}
{"level":"info","message":"Getting a HelpTicket Content"}
{"level":"info","message":"Getting a HelpTicket Content"}
{"level":"info","message":"Getting a HelpTicket Content"}
{"level":"info","message":"Get all HelpTickets"}
{"level":"info","message":"Get all HelpTickets"}
{"level":"info","message":"Get all HelpTickets"}
{"level":"info","message":"Get all HelpTickets"}
{"level":"info","message":"Getting a HelpTicket Content"}
{"level":"info","message":"Getting a HelpTicket Content"}
{"level":"info","message":"Get all HelpTickets"}
{"level":"info","message":"Getting a HelpTicket Content"}
{"level":"info","message":"Getting a HelpTicket Content"}
{"level":"info","message":"Getting a HelpTicket Content"}
{"level":"info","message":"Get all users"}
{"level":"info","message":"Get all HelpTickets"}
{"level":"info","message":"Get all users"}
{"level":"info","message":"Get all users"}
{"level":"info","message":"Get all users"}
